<?xml version="1.0" encoding="UTF-8"?>
<!-- Generated by org.testng.reporters.JUnitXMLReporter -->
<testsuite hostname="DESKTOP-JQ0LRFT" ignored="0" name="SmokeTest" tests="4" failures="0" timestamp="2019-11-26T17:37:19 EST" time="97.298" errors="0">
  <testcase name="logIn" time="24.828" classname="testRun.SmokeTest"/>
  <testcase name="logOut" time="24.257" classname="testRun.SmokeTest"/>
  <testcase name="registrationTest" time="25.278" classname="testRun.SmokeTest"/>
  <testcase name="regLogOut" time="22.866" classname="testRun.SmokeTest"/>
</testsuite> <!-- SmokeTest -->
